<?xml version="1.0" encoding="UTF-8"?>
<!-- Generated by org.testng.reporters.JUnitReportReporter -->
<testsuite skipped="0" hostname="DESKTOP-PU29T00" name="TC01HomePgetest.HomePgetest" tests="1" failures="0" timestamp="26 Jan 2021 10:31:05 GMT" time="12.040" errors="0">
  <testcase name="Tchome" time="12.040" classname="TC01HomePgetest.HomePgetest"/>
</testsuite> <!-- TC01HomePgetest.HomePgetest -->
